<?xml version="1.0" encoding="UTF-8"?>
<testsuite xmlns:xsi="http://www.w3.org/2001/XMLSchema-instance" xsi:noNamespaceSchemaLocation="https://maven.apache.org/surefire/maven-surefire-plugin/xsd/surefire-test-report.xsd" version="3.0.2" name="TestRunner.TestRunner" time="42.34" tests="4" errors="3" skipped="0" failures="0">
  <properties>
[...]
</properties>
  <testcase name="login with invalid credentials #1" classname="login page" time="11.503">
    <error message="org/testng/Assert" type="java.lang.NoClassDefFoundError"><![CDATA[java.lang.NoClassDefFoundError: org/testng/Assert
	at pageObjects.loginPage.errormessage(loginPage.java:60)
	at StepDefination.login.error_should_display(login.java:48)
	at ✽.error "username/password" should display(file:///C:/Users/User/eclipse-workspace-interview/CucumberProject/src/test/resources/Features/login.feature:8)
Caused by: java.lang.ClassNotFoundException: org.testng.Assert
	at java.base/jdk.internal.loader.BuiltinClassLoader.loadClass(BuiltinClassLoader.java:606)
	at java.base/jdk.internal.loader.ClassLoaders$AppClassLoader.loadClass(ClassLoaders.java:168)
	at java.base/java.lang.ClassLoader.loadClass(ClassLoader.java:522)
	... 3 more
]]></error>
    <system-out><![CDATA[
Scenario Outline: login with invalid credentials # src/test/resources/Features/login.feature:11
  Given open loginPage_url                       # StepDefination.login.open_login_page_url()
  When enter "harsha" and "pass123"              # StepDefination.login.enter_and(java.lang.String,java.lang.String)
  Then click on checkbox                         # StepDefination.login.click_on_checkbox()
  Then click on sign in button                   # StepDefination.login.click_on_sign_in_button()
true
  Then error "username/password" should display  # StepDefination.login.error_should_display(java.lang.String)
      java.lang.NoClassDefFoundError: org/testng/Assert
      	at pageObjects.loginPage.errormessage(loginPage.java:60)
      	at StepDefination.login.error_should_display(login.java:48)
      	at âœ½.error "username/password" should display(file:///C:/Users/User/eclipse-workspace-interview/CucumberProject/src/test/resources/Features/login.feature:8)
      Caused by: java.lang.ClassNotFoundException: org.testng.Assert
      	at java.base/jdk.internal.loader.BuiltinClassLoader.loadClass(BuiltinClassLoader.java:606)
      	at java.base/jdk.internal.loader.ClassLoaders$AppClassLoader.loadClass(ClassLoaders.java:168)
      	at java.base/java.lang.ClassLoader.loadClass(ClassLoader.java:522)
      	... 3 more
]]></system-out>
    <system-err><![CDATA[Sep 18, 2025 9:21:25 PM com.aventstack.extentreports.config.external.XmlConfigLoader createStream
SEVERE: src\test\resources\config\spark-config.xml
java.io.FileNotFoundException: src\test\resources\config\spark-config.xml (The system cannot find the path specified)
	at java.base/java.io.FileInputStream.open0(Native Method)
	at java.base/java.io.FileInputStream.open(FileInputStream.java:211)
	at java.base/java.io.FileInputStream.<init>(FileInputStream.java:153)
	at com.aventstack.extentreports.config.external.XmlConfigLoader.createStream(XmlConfigLoader.java:39)
	at com.aventstack.extentreports.config.external.XmlConfigLoader.<init>(XmlConfigLoader.java:33)
	at com.aventstack.extentreports.reporter.ExtentSparkReporter.loadXMLConfig(ExtentSparkReporter.java:94)
	at com.aventstack.extentreports.reporter.ExtentSparkReporter.loadXMLConfig(ExtentSparkReporter.java:101)
	at com.aventstack.extentreports.service.ExtentService$ExtentReportsLoader.attach(ExtentService.java:432)
	at com.aventstack.extentreports.service.ExtentService$ExtentReportsLoader.initSpark(ExtentService.java:363)
	at com.aventstack.extentreports.service.ExtentService$ExtentReportsLoader.createViaProperties(ExtentService.java:207)
	at com.aventstack.extentreports.service.ExtentService$ExtentReportsLoader.<clinit>(ExtentService.java:183)
	at com.aventstack.extentreports.service.ExtentService.getInstance(ExtentService.java:42)
	at com.aventstack.extentreports.cucumber.adapter.ExtentCucumberAdapter.<init>(ExtentCucumberAdapter.java:142)
	at java.base/jdk.internal.reflect.NativeConstructorAccessorImpl.newInstance0(Native Method)
	at java.base/jdk.internal.reflect.NativeConstructorAccessorImpl.newInstance(NativeConstructorAccessorImpl.java:64)
	at java.base/jdk.internal.reflect.DelegatingConstructorAccessorImpl.newInstance(DelegatingConstructorAccessorImpl.java:45)
	at java.base/java.lang.reflect.Constructor.newInstanceWithCaller(Constructor.java:500)
	at java.base/java.lang.reflect.Constructor.newInstance(Constructor.java:481)
	at io.cucumber.core.plugin.PluginFactory.newInstance(PluginFactory.java:116)
	at io.cucumber.core.plugin.PluginFactory.instantiate(PluginFactory.java:99)
	at io.cucumber.core.plugin.PluginFactory.create(PluginFactory.java:63)
	at io.cucumber.core.plugin.Plugins.createPlugins(Plugins.java:32)
	at io.cucumber.core.plugin.Plugins.<init>(Plugins.java:25)
	at io.cucumber.junit.Cucumber.<init>(Cucumber.java:163)
	at java.base/jdk.internal.reflect.NativeConstructorAccessorImpl.newInstance0(Native Method)
	at java.base/jdk.internal.reflect.NativeConstructorAccessorImpl.newInstance(NativeConstructorAccessorImpl.java:64)
	at java.base/jdk.internal.reflect.DelegatingConstructorAccessorImpl.newInstance(DelegatingConstructorAccessorImpl.java:45)
	at java.base/java.lang.reflect.Constructor.newInstanceWithCaller(Constructor.java:500)
	at java.base/java.lang.reflect.Constructor.newInstance(Constructor.java:481)
	at org.junit.internal.builders.AnnotatedBuilder.buildRunner(AnnotatedBuilder.java:104)
	at org.junit.internal.builders.AnnotatedBuilder.runnerForClass(AnnotatedBuilder.java:86)
	at org.junit.runners.model.RunnerBuilder.safeRunnerForClass(RunnerBuilder.java:70)
	at org.junit.internal.builders.AllDefaultPossibilitiesBuilder.runnerForClass(AllDefaultPossibilitiesBuilder.java:37)
	at org.junit.runners.model.RunnerBuilder.safeRunnerForClass(RunnerBuilder.java:70)
	at org.junit.internal.requests.ClassRequest.createRunner(ClassRequest.java:28)
	at org.junit.internal.requests.MemoizingRequest.getRunner(MemoizingRequest.java:19)
	at org.apache.maven.surefire.junit4.JUnit4Provider.execute(JUnit4Provider.java:314)
	at org.apache.maven.surefire.junit4.JUnit4Provider.executeWithRerun(JUnit4Provider.java:240)
	at org.apache.maven.surefire.junit4.JUnit4Provider.executeTestSet(JUnit4Provider.java:214)
	at org.apache.maven.surefire.junit4.JUnit4Provider.invoke(JUnit4Provider.java:155)
	at org.apache.maven.surefire.booter.ForkedBooter.runSuitesInProcess(ForkedBooter.java:385)
	at org.apache.maven.surefire.booter.ForkedBooter.execute(ForkedBooter.java:162)
	at org.apache.maven.surefire.booter.ForkedBooter.run(ForkedBooter.java:507)
	at org.apache.maven.surefire.booter.ForkedBooter.main(ForkedBooter.java:495)

java.lang.IllegalArgumentException: InputStream cannot be null
	at java.xml/javax.xml.parsers.DocumentBuilder.parse(DocumentBuilder.java:118)
	at com.aventstack.extentreports.config.external.XmlConfigLoader.getConfigStore(XmlConfigLoader.java:61)
	at com.aventstack.extentreports.config.external.XmlConfigLoader.apply(XmlConfigLoader.java:46)
	at com.aventstack.extentreports.reporter.ExtentSparkReporter.loadXMLConfig(ExtentSparkReporter.java:96)
	at com.aventstack.extentreports.reporter.ExtentSparkReporter.loadXMLConfig(ExtentSparkReporter.java:101)
	at com.aventstack.extentreports.service.ExtentService$ExtentReportsLoader.attach(ExtentService.java:432)
	at com.aventstack.extentreports.service.ExtentService$ExtentReportsLoader.initSpark(ExtentService.java:363)
	at com.aventstack.extentreports.service.ExtentService$ExtentReportsLoader.createViaProperties(ExtentService.java:207)
	at com.aventstack.extentreports.service.ExtentService$ExtentReportsLoader.<clinit>(ExtentService.java:183)
	at com.aventstack.extentreports.service.ExtentService.getInstance(ExtentService.java:42)
	at com.aventstack.extentreports.cucumber.adapter.ExtentCucumberAdapter.<init>(ExtentCucumberAdapter.java:142)
	at java.base/jdk.internal.reflect.NativeConstructorAccessorImpl.newInstance0(Native Method)
	at java.base/jdk.internal.reflect.NativeConstructorAccessorImpl.newInstance(NativeConstructorAccessorImpl.java:64)
	at java.base/jdk.internal.reflect.DelegatingConstructorAccessorImpl.newInstance(DelegatingConstructorAccessorImpl.java:45)
	at java.base/java.lang.reflect.Constructor.newInstanceWithCaller(Constructor.java:500)
	at java.base/java.lang.reflect.Constructor.newInstance(Constructor.java:481)
	at io.cucumber.core.plugin.PluginFactory.newInstance(PluginFactory.java:116)
	at io.cucumber.core.plugin.PluginFactory.instantiate(PluginFactory.java:99)
	at io.cucumber.core.plugin.PluginFactory.create(PluginFactory.java:63)
	at io.cucumber.core.plugin.Plugins.createPlugins(Plugins.java:32)
	at io.cucumber.core.plugin.Plugins.<init>(Plugins.java:25)
	at io.cucumber.junit.Cucumber.<init>(Cucumber.java:163)
	at java.base/jdk.internal.reflect.NativeConstructorAccessorImpl.newInstance0(Native Method)
	at java.base/jdk.internal.reflect.NativeConstructorAccessorImpl.newInstance(NativeConstructorAccessorImpl.java:64)
	at java.base/jdk.internal.reflect.DelegatingConstructorAccessorImpl.newInstance(DelegatingConstructorAccessorImpl.java:45)
	at java.base/java.lang.reflect.Constructor.newInstanceWithCaller(Constructor.java:500)
	at java.base/java.lang.reflect.Constructor.newInstance(Constructor.java:481)
	at org.junit.internal.builders.AnnotatedBuilder.buildRunner(AnnotatedBuilder.java:104)
	at org.junit.internal.builders.AnnotatedBuilder.runnerForClass(AnnotatedBuilder.java:86)
	at org.junit.runners.model.RunnerBuilder.safeRunnerForClass(RunnerBuilder.java:70)
	at org.junit.internal.builders.AllDefaultPossibilitiesBuilder.runnerForClass(AllDefaultPossibilitiesBuilder.java:37)
	at org.junit.runners.model.RunnerBuilder.safeRunnerForClass(RunnerBuilder.java:70)
	at org.junit.internal.requests.ClassRequest.createRunner(ClassRequest.java:28)
	at org.junit.internal.requests.MemoizingRequest.getRunner(MemoizingRequest.java:19)
	at org.apache.maven.surefire.junit4.JUnit4Provider.execute(JUnit4Provider.java:314)
	at org.apache.maven.surefire.junit4.JUnit4Provider.executeWithRerun(JUnit4Provider.java:240)
	at org.apache.maven.surefire.junit4.JUnit4Provider.executeTestSet(JUnit4Provider.java:214)
	at org.apache.maven.surefire.junit4.JUnit4Provider.invoke(JUnit4Provider.java:155)
	at org.apache.maven.surefire.booter.ForkedBooter.runSuitesInProcess(ForkedBooter.java:385)
	at org.apache.maven.surefire.booter.ForkedBooter.execute(ForkedBooter.java:162)
	at org.apache.maven.surefire.booter.ForkedBooter.run(ForkedBooter.java:507)
	at org.apache.maven.surefire.booter.ForkedBooter.main(ForkedBooter.java:495)
Sep 18, 2025 9:21:31 PM org.openqa.selenium.devtools.CdpVersionFinder findNearestMatch
WARNING: Unable to find CDP implementation matching 140
Sep 18, 2025 9:21:31 PM org.openqa.selenium.chromium.ChromiumDriver lambda$new$4
WARNING: Unable to find version of CDP to use for 140.0.7339.128. You may need to include a dependency on a specific version of the CDP using something similar to `org.seleniumhq.selenium:selenium-devtools-v86:4.31.0` where the version ("v86") matches the version of the chromium-based browser you're using and the version number of the artifact is the same as Selenium's.
Sep 18, 2025 9:21:37 PM org.openqa.selenium.remote.http.WebSocket$Listener onError
WARNING: Connection reset
java.net.SocketException: Connection reset
	at java.base/sun.nio.ch.SocketChannelImpl.throwConnectionReset(SocketChannelImpl.java:367)
	at java.base/sun.nio.ch.SocketChannelImpl.read(SocketChannelImpl.java:398)
	at java.net.http/jdk.internal.net.http.SocketTube.readAvailable(SocketTube.java:1153)
	at java.net.http/jdk.internal.net.http.SocketTube$InternalReadPublisher$InternalReadSubscription.read(SocketTube.java:821)
	at java.net.http/jdk.internal.net.http.SocketTube$SocketFlowTask.run(SocketTube.java:175)
	at java.net.http/jdk.internal.net.http.common.SequentialScheduler$SchedulableTask.run(SequentialScheduler.java:198)
	at java.net.http/jdk.internal.net.http.common.SequentialScheduler.runOrSchedule(SequentialScheduler.java:271)
	at java.net.http/jdk.internal.net.http.common.SequentialScheduler.runOrSchedule(SequentialScheduler.java:224)
	at java.net.http/jdk.internal.net.http.SocketTube$InternalReadPublisher$InternalReadSubscription.signalReadable(SocketTube.java:763)
	at java.net.http/jdk.internal.net.http.SocketTube$InternalReadPublisher$ReadEvent.signalEvent(SocketTube.java:941)
	at java.net.http/jdk.internal.net.http.SocketTube$SocketFlowEvent.handle(SocketTube.java:245)
	at java.net.http/jdk.internal.net.http.HttpClientImpl$SelectorManager.handleEvent(HttpClientImpl.java:956)
	at java.net.http/jdk.internal.net.http.HttpClientImpl$SelectorManager.lambda$run$3(HttpClientImpl.java:911)
	at java.base/java.util.ArrayList.forEach(ArrayList.java:1511)
	at java.net.http/jdk.internal.net.http.HttpClientImpl$SelectorManager.run(HttpClientImpl.java:911)

]]></system-err>
  </testcase>
  <testcase name="login with invalid credentials #2" classname="login page" time="9.125">
    <error message="org/testng/Assert" type="java.lang.NoClassDefFoundError"><![CDATA[java.lang.NoClassDefFoundError: org/testng/Assert
	at pageObjects.loginPage.errormessage(loginPage.java:60)
	at StepDefination.login.error_should_display(login.java:48)
	at ✽.error "username/password" should display(file:///C:/Users/User/eclipse-workspace-interview/CucumberProject/src/test/resources/Features/login.feature:8)
]]></error>
    <system-out><![CDATA[
Scenario Outline: login with invalid credentials # src/test/resources/Features/login.feature:12
  Given open loginPage_url                       # StepDefination.login.open_login_page_url()
  When enter "vardhan" and "pass456"             # StepDefination.login.enter_and(java.lang.String,java.lang.String)
  Then click on checkbox                         # StepDefination.login.click_on_checkbox()
  Then click on sign in button                   # StepDefination.login.click_on_sign_in_button()
true
  Then error "username/password" should display  # StepDefination.login.error_should_display(java.lang.String)
      java.lang.NoClassDefFoundError: org/testng/Assert
      	at pageObjects.loginPage.errormessage(loginPage.java:60)
      	at StepDefination.login.error_should_display(login.java:48)
      	at âœ½.error "username/password" should display(file:///C:/Users/User/eclipse-workspace-interview/CucumberProject/src/test/resources/Features/login.feature:8)
]]></system-out>
    <system-err><![CDATA[Sep 18, 2025 9:21:39 PM org.openqa.selenium.devtools.CdpVersionFinder findNearestMatch
WARNING: Unable to find CDP implementation matching 140
Sep 18, 2025 9:21:39 PM org.openqa.selenium.chromium.ChromiumDriver lambda$new$4
WARNING: Unable to find version of CDP to use for 140.0.7339.128. You may need to include a dependency on a specific version of the CDP using something similar to `org.seleniumhq.selenium:selenium-devtools-v86:4.31.0` where the version ("v86") matches the version of the chromium-based browser you're using and the version number of the artifact is the same as Selenium's.
Sep 18, 2025 9:21:46 PM org.openqa.selenium.remote.http.WebSocket$Listener onError
WARNING: Connection reset
java.net.SocketException: Connection reset
	at java.base/sun.nio.ch.SocketChannelImpl.throwConnectionReset(SocketChannelImpl.java:367)
	at java.base/sun.nio.ch.SocketChannelImpl.read(SocketChannelImpl.java:398)
	at java.net.http/jdk.internal.net.http.SocketTube.readAvailable(SocketTube.java:1153)
	at java.net.http/jdk.internal.net.http.SocketTube$InternalReadPublisher$InternalReadSubscription.read(SocketTube.java:821)
	at java.net.http/jdk.internal.net.http.SocketTube$SocketFlowTask.run(SocketTube.java:175)
	at java.net.http/jdk.internal.net.http.common.SequentialScheduler$SchedulableTask.run(SequentialScheduler.java:198)
	at java.net.http/jdk.internal.net.http.common.SequentialScheduler.runOrSchedule(SequentialScheduler.java:271)
	at java.net.http/jdk.internal.net.http.common.SequentialScheduler.runOrSchedule(SequentialScheduler.java:224)
	at java.net.http/jdk.internal.net.http.SocketTube$InternalReadPublisher$InternalReadSubscription.signalReadable(SocketTube.java:763)
	at java.net.http/jdk.internal.net.http.SocketTube$InternalReadPublisher$ReadEvent.signalEvent(SocketTube.java:941)
	at java.net.http/jdk.internal.net.http.SocketTube$SocketFlowEvent.handle(SocketTube.java:245)
	at java.net.http/jdk.internal.net.http.HttpClientImpl$SelectorManager.handleEvent(HttpClientImpl.java:956)
	at java.net.http/jdk.internal.net.http.HttpClientImpl$SelectorManager.lambda$run$3(HttpClientImpl.java:911)
	at java.base/java.util.ArrayList.forEach(ArrayList.java:1511)
	at java.net.http/jdk.internal.net.http.HttpClientImpl$SelectorManager.run(HttpClientImpl.java:911)

]]></system-err>
  </testcase>
  <testcase name="login with invalid credentials #3" classname="login page" time="7.34">
    <error message="org/testng/Assert" type="java.lang.NoClassDefFoundError"><![CDATA[java.lang.NoClassDefFoundError: org/testng/Assert
	at pageObjects.loginPage.errormessage(loginPage.java:60)
	at StepDefination.login.error_should_display(login.java:48)
	at ✽.error "username/password" should display(file:///C:/Users/User/eclipse-workspace-interview/CucumberProject/src/test/resources/Features/login.feature:8)
]]></error>
    <system-out><![CDATA[
Scenario Outline: login with invalid credentials # src/test/resources/Features/login.feature:13
  Given open loginPage_url                       # StepDefination.login.open_login_page_url()
  When enter "mula" and "pass789"                # StepDefination.login.enter_and(java.lang.String,java.lang.String)
  Then click on checkbox                         # StepDefination.login.click_on_checkbox()
  Then click on sign in button                   # StepDefination.login.click_on_sign_in_button()
true
  Then error "username/password" should display  # StepDefination.login.error_should_display(java.lang.String)
      java.lang.NoClassDefFoundError: org/testng/Assert
      	at pageObjects.loginPage.errormessage(loginPage.java:60)
      	at StepDefination.login.error_should_display(login.java:48)
      	at âœ½.error "username/password" should display(file:///C:/Users/User/eclipse-workspace-interview/CucumberProject/src/test/resources/Features/login.feature:8)
]]></system-out>
    <system-err><![CDATA[Sep 18, 2025 9:21:49 PM org.openqa.selenium.devtools.CdpVersionFinder findNearestMatch
WARNING: Unable to find CDP implementation matching 140
Sep 18, 2025 9:21:49 PM org.openqa.selenium.chromium.ChromiumDriver lambda$new$4
WARNING: Unable to find version of CDP to use for 140.0.7339.128. You may need to include a dependency on a specific version of the CDP using something similar to `org.seleniumhq.selenium:selenium-devtools-v86:4.31.0` where the version ("v86") matches the version of the chromium-based browser you're using and the version number of the artifact is the same as Selenium's.
Sep 18, 2025 9:21:54 PM org.openqa.selenium.remote.http.WebSocket$Listener onError
WARNING: Connection reset
java.net.SocketException: Connection reset
	at java.base/sun.nio.ch.SocketChannelImpl.throwConnectionReset(SocketChannelImpl.java:367)
	at java.base/sun.nio.ch.SocketChannelImpl.read(SocketChannelImpl.java:398)
	at java.net.http/jdk.internal.net.http.SocketTube.readAvailable(SocketTube.java:1153)
	at java.net.http/jdk.internal.net.http.SocketTube$InternalReadPublisher$InternalReadSubscription.read(SocketTube.java:821)
	at java.net.http/jdk.internal.net.http.SocketTube$SocketFlowTask.run(SocketTube.java:175)
	at java.net.http/jdk.internal.net.http.common.SequentialScheduler$SchedulableTask.run(SequentialScheduler.java:198)
	at java.net.http/jdk.internal.net.http.common.SequentialScheduler.runOrSchedule(SequentialScheduler.java:271)
	at java.net.http/jdk.internal.net.http.common.SequentialScheduler.runOrSchedule(SequentialScheduler.java:224)
	at java.net.http/jdk.internal.net.http.SocketTube$InternalReadPublisher$InternalReadSubscription.signalReadable(SocketTube.java:763)
	at java.net.http/jdk.internal.net.http.SocketTube$InternalReadPublisher$ReadEvent.signalEvent(SocketTube.java:941)
	at java.net.http/jdk.internal.net.http.SocketTube$SocketFlowEvent.handle(SocketTube.java:245)
	at java.net.http/jdk.internal.net.http.HttpClientImpl$SelectorManager.handleEvent(HttpClientImpl.java:956)
	at java.net.http/jdk.internal.net.http.HttpClientImpl$SelectorManager.lambda$run$3(HttpClientImpl.java:911)
	at java.base/java.util.ArrayList.forEach(ArrayList.java:1511)
	at java.net.http/jdk.internal.net.http.HttpClientImpl$SelectorManager.run(HttpClientImpl.java:911)

]]></system-err>
  </testcase>
  <testcase name="login with valid credentials" classname="login page" time="12.679">
    <system-out><![CDATA[
Scenario: login with valid credentials                              # src/test/resources/Features/login.feature:15
  Given open loginPage_url                                          # StepDefination.login.open_login_page_url()
  When enter username "rahulshettyacademy"  and password "learning" # StepDefination.login.enter_username_and_password(java.lang.String,java.lang.String)
  When click on checkbox                                            # StepDefination.login.click_on_checkbox()
  Then click on sign in button                                      # StepDefination.login.click_on_sign_in_button()
  Then Home should be displayed                                     # StepDefination.login.home_should_be_displayed()
]]></system-out>
    <system-err><![CDATA[Sep 18, 2025 9:21:56 PM org.openqa.selenium.devtools.CdpVersionFinder findNearestMatch
WARNING: Unable to find CDP implementation matching 140
Sep 18, 2025 9:21:56 PM org.openqa.selenium.chromium.ChromiumDriver lambda$new$4
WARNING: Unable to find version of CDP to use for 140.0.7339.128. You may need to include a dependency on a specific version of the CDP using something similar to `org.seleniumhq.selenium:selenium-devtools-v86:4.31.0` where the version ("v86") matches the version of the chromium-based browser you're using and the version number of the artifact is the same as Selenium's.
Sep 18, 2025 9:22:06 PM org.openqa.selenium.remote.http.WebSocket$Listener onError
WARNING: Connection reset
java.net.SocketException: Connection reset
	at java.base/sun.nio.ch.SocketChannelImpl.throwConnectionReset(SocketChannelImpl.java:367)
	at java.base/sun.nio.ch.SocketChannelImpl.read(SocketChannelImpl.java:398)
	at java.net.http/jdk.internal.net.http.SocketTube.readAvailable(SocketTube.java:1153)
	at java.net.http/jdk.internal.net.http.SocketTube$InternalReadPublisher$InternalReadSubscription.read(SocketTube.java:821)
	at java.net.http/jdk.internal.net.http.SocketTube$SocketFlowTask.run(SocketTube.java:175)
	at java.net.http/jdk.internal.net.http.common.SequentialScheduler$SchedulableTask.run(SequentialScheduler.java:198)
	at java.net.http/jdk.internal.net.http.common.SequentialScheduler.runOrSchedule(SequentialScheduler.java:271)
	at java.net.http/jdk.internal.net.http.common.SequentialScheduler.runOrSchedule(SequentialScheduler.java:224)
	at java.net.http/jdk.internal.net.http.SocketTube$InternalReadPublisher$InternalReadSubscription.signalReadable(SocketTube.java:763)
	at java.net.http/jdk.internal.net.http.SocketTube$InternalReadPublisher$ReadEvent.signalEvent(SocketTube.java:941)
	at java.net.http/jdk.internal.net.http.SocketTube$SocketFlowEvent.handle(SocketTube.java:245)
	at java.net.http/jdk.internal.net.http.HttpClientImpl$SelectorManager.handleEvent(HttpClientImpl.java:956)
	at java.net.http/jdk.internal.net.http.HttpClientImpl$SelectorManager.lambda$run$3(HttpClientImpl.java:911)
	at java.base/java.util.ArrayList.forEach(ArrayList.java:1511)
	at java.net.http/jdk.internal.net.http.HttpClientImpl$SelectorManager.run(HttpClientImpl.java:911)

]]></system-err>
  </testcase>
</testsuite>